npm WARN deprecated @babel/plugin-proposal-class-properties@7.18.6: This proposal has been merged to the ECMAScript standard and thus this plugin is no longer maintained. Please use @babel/plugin-transform-class-properties instead.
npm WARN deprecated @babel/plugin-proposal-nullish-coalescing-operator@7.18.6: This proposal has been merged to the ECMAScript standard and thus this plugin is no longer maintained. Please use @babel/plugin-transform-nullish-coalescing-operator instead.
npm WARN deprecated @babel/plugin-proposal-optional-chaining@7.21.0: This proposal has been merged to the ECMAScript standard and thus this plugin is no longer maintained. Please use @babel/plugin-transform-optional-chaining instead.
npm WARN cleanup Failed to remove some directories [
npm WARN cleanup   [
npm WARN cleanup     'C:\\Users\\SSAFY\\Desktop\\자율프로젝트\\S09P31A602\\front\\node_modules\\@storybook',
npm WARN cleanup     [Error: EPERM: operation not permitted, rmdir 'C:\Users\SSAFY\Desktop\자율프로젝트\S09P31A602\front\node_modules\@storybook\core-webpack\node_modules\@types\node'] {
npm WARN cleanup       errno: -4048,
npm WARN cleanup       code: 'EPERM',
npm WARN cleanup       syscall: 'rmdir',
npm WARN cleanup       path: 'C:\\Users\\SSAFY\\Desktop\\자율프로젝트\\S09P31A602\\front\\node_modules\\@storybook\\core-webpack\\node_modules\\@types\\node'
npm WARN cleanup     }
npm WARN cleanup   ]
npm WARN cleanup ]
npm ERR! code ERR_SOCKET_TIMEOUT
npm ERR! network Socket timeout
npm ERR! network This is a problem related to network connectivity.
npm ERR! network In most cases you are behind a proxy or have bad network settings.
npm ERR! network 
npm ERR! network If you are behind a proxy, please make sure that the
npm ERR! network 'proxy' config is set properly.  See: 'npm help config'

npm ERR! A complete log of this run can be found in: C:\Users\SSAFY\AppData\Local\npm-cache\_logs\2023-10-24T02_01_37_008Z-debug-0.log
